<?xml version="1.0" encoding="UTF-8"?>
<!-- Generated by org.testng.reporters.JUnitReportReporter -->
<testsuite hostname="DESKTOP-R10AAH0" failures="0" tests="1" name="DEMO.HrmLogin" time="3.158" errors="0" timestamp="2023-02-23T14:25:03 IST" skipped="0">
  <testcase classname="DEMO.HrmLogin" name="loginOperation" time="3.158"/>
  <system-out/>
</testsuite> <!-- DEMO.HrmLogin -->
